make tests --dry-run --always-make --keep-going --print-directory
make: Entering directory '/home/yudi/Documents/programming/estudos/sb-test'
echo " >> main: Building source file: src/calc.c"
echo "  > main: Output file: build/src/src/calc.c.o\n"
mkdir -p build/src/src/
g++ -g -c src/calc.c -o build/src/src/calc.c.o
echo ">> test: Building test source: tests/test_main.cpp"
echo " > test: Output file: build/tests/tests/test_main.cpp.o\n"
mkdir -p build/tests/tests/
g++ -g -c tests/test_main.cpp -o build/tests/tests/test_main.cpp.o
echo ">> test: Building test source: tests/test_a.cpp"
echo " > test: Output file: build/tests/tests/test_a.cpp.o\n"
mkdir -p build/tests/tests/
g++ -g -c tests/test_a.cpp -o build/tests/tests/test_a.cpp.o
echo ">> test: Building test source: tests/test_b.cpp"
echo " > test: Output file: build/tests/tests/test_b.cpp.o\n"
mkdir -p build/tests/tests/
g++ -g -c tests/test_b.cpp -o build/tests/tests/test_b.cpp.o
echo ">> test: Building TEST executable build/test_exec"
g++ -g build/src/src/calc.c.o build/tests/tests/test_main.cpp.o build/tests/tests/test_a.cpp.o build/tests/tests/test_b.cpp.o -o build/test_exec
echo " > test: Build done"
make: Leaving directory '/home/yudi/Documents/programming/estudos/sb-test'
 
